<?xml version="1.0" encoding="UTF-8"?>
<testsuite name="Cucumber" time="234.435" tests="4" skipped="0" failures="0" errors="0">
<testcase classname="Skillrary demo app login" name="Login to Skillrary demo app with valid credentials" time="122.591">
<system-out><![CDATA[
Given I enter to login page.................................................passed
When I provide valid credentials............................................passed
And I hit on login..........................................................passed
Then I should navigate to home page.........................................passed
]]></system-out>
</testcase>
<testcase classname="Skillrary demo app login" name="Login to Skillrary demo app with multiple credentials - Example #1.1" time="28.655">
<system-out><![CDATA[
Given I enter to login page.................................................passed
When I provide admin nd admin...............................................passed
And I hit on login..........................................................passed
Then I should navigate to home page.........................................passed
]]></system-out>
</testcase>
<testcase classname="Skillrary demo app login" name="Login to Skillrary demo app with multiple credentials - Example #1.2" time="37.95">
<system-out><![CDATA[
Given I enter to login page.................................................passed
When I provide user nd user.................................................passed
And I hit on login..........................................................passed
Then I should navigate to home page.........................................passed
]]></system-out>
</testcase>
<testcase classname="Skillrary demo app login" name="Login to Skillrary demo app with multiple credentials - Example #1.3" time="43.985">
<system-out><![CDATA[
Given I enter to login page.................................................passed
When I provide abcdef nd 123456.............................................passed
And I hit on login..........................................................passed
Then I should navigate to home page.........................................passed
]]></system-out>
</testcase>
</testsuite>
